2020-03-04 17:12:07.347  INFO 21799 --- [restartedMain] c.l.c.LibraryManagementApplication       : No active profile set, falling back to default profiles: default
2020-03-04 17:12:07.735  INFO 21799 --- [restartedMain] .s.d.r.c.RepositoryConfigurationDelegate : Bootstrapping Spring Data JPA repositories in DEFAULT mode.
2020-03-04 17:12:07.751  INFO 21799 --- [restartedMain] .s.d.r.c.RepositoryConfigurationDelegate : Finished Spring Data repository scanning in 15ms. Found 2 JPA repository interfaces.
2020-03-04 17:12:08.090  INFO 21799 --- [restartedMain] o.s.cloud.context.scope.GenericScope     : BeanFactory id=8345b85f-9339-3577-b3c0-f3fe2b0dd5dd
2020-03-04 17:12:08.131  INFO 21799 --- [restartedMain] trationDelegate$BeanPostProcessorChecker : Bean 'org.springframework.transaction.annotation.ProxyTransactionManagementConfiguration' of type [org.springframework.transaction.annotation.ProxyTransactionManagementConfiguration] is not eligible for getting processed by all BeanPostProcessors (for example: not eligible for auto-proxying)
2020-03-04 17:12:08.139  INFO 21799 --- [restartedMain] trationDelegate$BeanPostProcessorChecker : Bean 'org.springframework.security.config.annotation.configuration.ObjectPostProcessorConfiguration' of type [org.springframework.security.config.annotation.configuration.ObjectPostProcessorConfiguration] is not eligible for getting processed by all BeanPostProcessors (for example: not eligible for auto-proxying)
2020-03-04 17:12:08.141  INFO 21799 --- [restartedMain] trationDelegate$BeanPostProcessorChecker : Bean 'objectPostProcessor' of type [org.springframework.security.config.annotation.configuration.AutowireBeanFactoryObjectPostProcessor] is not eligible for getting processed by all BeanPostProcessors (for example: not eligible for auto-proxying)
2020-03-04 17:12:08.143  INFO 21799 --- [restartedMain] trationDelegate$BeanPostProcessorChecker : Bean 'org.springframework.security.access.expression.method.DefaultMethodSecurityExpressionHandler@38ef8b6c' of type [org.springframework.security.oauth2.provider.expression.OAuth2MethodSecurityExpressionHandler] is not eligible for getting processed by all BeanPostProcessors (for example: not eligible for auto-proxying)
2020-03-04 17:12:08.147  INFO 21799 --- [restartedMain] trationDelegate$BeanPostProcessorChecker : Bean 'org.springframework.security.config.annotation.method.configuration.GlobalMethodSecurityConfiguration' of type [org.springframework.security.config.annotation.method.configuration.GlobalMethodSecurityConfiguration] is not eligible for getting processed by all BeanPostProcessors (for example: not eligible for auto-proxying)
2020-03-04 17:12:08.148  INFO 21799 --- [restartedMain] trationDelegate$BeanPostProcessorChecker : Bean 'methodSecurityMetadataSource' of type [org.springframework.security.access.method.DelegatingMethodSecurityMetadataSource] is not eligible for getting processed by all BeanPostProcessors (for example: not eligible for auto-proxying)
2020-03-04 17:12:08.152  INFO 21799 --- [restartedMain] trationDelegate$BeanPostProcessorChecker : Bean 'org.springframework.cloud.autoconfigure.ConfigurationPropertiesRebinderAutoConfiguration' of type [org.springframework.cloud.autoconfigure.ConfigurationPropertiesRebinderAutoConfiguration] is not eligible for getting processed by all BeanPostProcessors (for example: not eligible for auto-proxying)
2020-03-04 17:12:08.216  WARN 21799 --- [restartedMain] org.apache.tomcat.util.modeler.Registry  : The MBean registry cannot be disabled because it has already been initialised
2020-03-04 17:12:08.252  INFO 21799 --- [restartedMain] o.s.b.w.embedded.tomcat.TomcatWebServer  : Tomcat initialized with port(s): 8081 (http)
2020-03-04 17:12:08.252  INFO 21799 --- [restartedMain] o.apache.catalina.core.StandardService   : Starting service [Tomcat]
2020-03-04 17:12:08.253  INFO 21799 --- [restartedMain] org.apache.catalina.core.StandardEngine  : Starting Servlet engine: [Apache Tomcat/9.0.29]
2020-03-04 17:12:08.300  WARN 21799 --- [restartedMain] o.a.tomcat.util.scan.StandardJarScanner  : Failed to scan [file:/home/sagarp/.m2/repository/com/sun/xml/bind/jaxb-core/2.3.0.1/jaxb-api.jar] from classloader hierarchy

java.io.FileNotFoundException: /home/sagarp/.m2/repository/com/sun/xml/bind/jaxb-core/2.3.0.1/jaxb-api.jar (No such file or directory)
	at java.util.zip.ZipFile.open(Native Method) ~[na:1.8.0_242]
	at java.util.zip.ZipFile.<init>(ZipFile.java:225) ~[na:1.8.0_242]
	at java.util.zip.ZipFile.<init>(ZipFile.java:155) ~[na:1.8.0_242]
	at java.util.jar.JarFile.<init>(JarFile.java:166) ~[na:1.8.0_242]
	at java.util.jar.JarFile.<init>(JarFile.java:130) ~[na:1.8.0_242]
	at org.apache.tomcat.util.compat.JreCompat.jarFileNewInstance(JreCompat.java:177) ~[tomcat-embed-core-9.0.29.jar:9.0.29]
	at org.apache.tomcat.util.scan.JarFileUrlJar.<init>(JarFileUrlJar.java:65) ~[tomcat-embed-core-9.0.29.jar:9.0.29]
	at org.apache.tomcat.util.scan.JarFactory.newInstance(JarFactory.java:49) ~[tomcat-embed-core-9.0.29.jar:9.0.29]
	at org.apache.tomcat.util.scan.StandardJarScanner.process(StandardJarScanner.java:374) [tomcat-embed-core-9.0.29.jar:9.0.29]
	at org.apache.tomcat.util.scan.StandardJarScanner.processURLs(StandardJarScanner.java:309) [tomcat-embed-core-9.0.29.jar:9.0.29]
	at org.apache.tomcat.util.scan.StandardJarScanner.doScanClassPath(StandardJarScanner.java:266) [tomcat-embed-core-9.0.29.jar:9.0.29]
	at org.apache.tomcat.util.scan.StandardJarScanner.scan(StandardJarScanner.java:229) [tomcat-embed-core-9.0.29.jar:9.0.29]
	at org.apache.jasper.servlet.TldScanner.scanJars(TldScanner.java:262) [tomcat-embed-jasper-9.0.29.jar:9.0.29]
	at org.apache.jasper.servlet.TldScanner.scan(TldScanner.java:104) [tomcat-embed-jasper-9.0.29.jar:9.0.29]
	at org.apache.jasper.servlet.JasperInitializer.onStartup(JasperInitializer.java:83) [tomcat-embed-jasper-9.0.29.jar:9.0.29]
	at org.apache.catalina.core.StandardContext.startInternal(StandardContext.java:5135) [tomcat-embed-core-9.0.29.jar:9.0.29]
	at org.apache.catalina.util.LifecycleBase.start(LifecycleBase.java:183) [tomcat-embed-core-9.0.29.jar:9.0.29]
	at org.apache.catalina.core.ContainerBase$StartChild.call(ContainerBase.java:1384) [tomcat-embed-core-9.0.29.jar:9.0.29]
	at org.apache.catalina.core.ContainerBase$StartChild.call(ContainerBase.java:1374) [tomcat-embed-core-9.0.29.jar:9.0.29]
	at java.util.concurrent.FutureTask.run(FutureTask.java:266) [na:1.8.0_242]
	at org.apache.tomcat.util.threads.InlineExecutorService.execute(InlineExecutorService.java:75) [tomcat-embed-core-9.0.29.jar:9.0.29]
	at java.util.concurrent.AbstractExecutorService.submit(AbstractExecutorService.java:134) [na:1.8.0_242]
	at org.apache.catalina.core.ContainerBase.startInternal(ContainerBase.java:909) [tomcat-embed-core-9.0.29.jar:9.0.29]
	at org.apache.catalina.core.StandardHost.startInternal(StandardHost.java:841) [tomcat-embed-core-9.0.29.jar:9.0.29]
	at org.apache.catalina.util.LifecycleBase.start(LifecycleBase.java:183) [tomcat-embed-core-9.0.29.jar:9.0.29]
	at org.apache.catalina.core.ContainerBase$StartChild.call(ContainerBase.java:1384) [tomcat-embed-core-9.0.29.jar:9.0.29]
	at org.apache.catalina.core.ContainerBase$StartChild.call(ContainerBase.java:1374) [tomcat-embed-core-9.0.29.jar:9.0.29]
	at java.util.concurrent.FutureTask.run(FutureTask.java:266) [na:1.8.0_242]
	at org.apache.tomcat.util.threads.InlineExecutorService.execute(InlineExecutorService.java:75) [tomcat-embed-core-9.0.29.jar:9.0.29]
	at java.util.concurrent.AbstractExecutorService.submit(AbstractExecutorService.java:134) [na:1.8.0_242]
	at org.apache.catalina.core.ContainerBase.startInternal(ContainerBase.java:909) [tomcat-embed-core-9.0.29.jar:9.0.29]
	at org.apache.catalina.core.StandardEngine.startInternal(StandardEngine.java:262) [tomcat-embed-core-9.0.29.jar:9.0.29]
	at org.apache.catalina.util.LifecycleBase.start(LifecycleBase.java:183) [tomcat-embed-core-9.0.29.jar:9.0.29]
	at org.apache.catalina.core.StandardService.startInternal(StandardService.java:421) [tomcat-embed-core-9.0.29.jar:9.0.29]
	at org.apache.catalina.util.LifecycleBase.start(LifecycleBase.java:183) [tomcat-embed-core-9.0.29.jar:9.0.29]
	at org.apache.catalina.core.StandardServer.startInternal(StandardServer.java:930) [tomcat-embed-core-9.0.29.jar:9.0.29]
	at org.apache.catalina.util.LifecycleBase.start(LifecycleBase.java:183) [tomcat-embed-core-9.0.29.jar:9.0.29]
	at org.apache.catalina.startup.Tomcat.start(Tomcat.java:459) [tomcat-embed-core-9.0.29.jar:9.0.29]
	at org.springframework.boot.web.embedded.tomcat.TomcatWebServer.initialize(TomcatWebServer.java:107) [spring-boot-2.2.2.RELEASE.jar:2.2.2.RELEASE]
	at org.springframework.boot.web.embedded.tomcat.TomcatWebServer.<init>(TomcatWebServer.java:88) [spring-boot-2.2.2.RELEASE.jar:2.2.2.RELEASE]
	at org.springframework.boot.web.embedded.tomcat.TomcatServletWebServerFactory.getTomcatWebServer(TomcatServletWebServerFactory.java:438) [spring-boot-2.2.2.RELEASE.jar:2.2.2.RELEASE]
	at org.springframework.boot.web.embedded.tomcat.TomcatServletWebServerFactory.getWebServer(TomcatServletWebServerFactory.java:191) [spring-boot-2.2.2.RELEASE.jar:2.2.2.RELEASE]
	at org.springframework.boot.web.servlet.context.ServletWebServerApplicationContext.createWebServer(ServletWebServerApplicationContext.java:180) [spring-boot-2.2.2.RELEASE.jar:2.2.2.RELEASE]
	at org.springframework.boot.web.servlet.context.ServletWebServerApplicationContext.onRefresh(ServletWebServerApplicationContext.java:153) [spring-boot-2.2.2.RELEASE.jar:2.2.2.RELEASE]
	at org.springframework.context.support.AbstractApplicationContext.refresh(AbstractApplicationContext.java:544) [spring-context-5.2.2.RELEASE.jar:5.2.2.RELEASE]
	at org.springframework.boot.web.servlet.context.ServletWebServerApplicationContext.refresh(ServletWebServerApplicationContext.java:141) [spring-boot-2.2.2.RELEASE.jar:2.2.2.RELEASE]
	at org.springframework.boot.SpringApplication.refresh(SpringApplication.java:747) [spring-boot-2.2.2.RELEASE.jar:2.2.2.RELEASE]
	at org.springframework.boot.SpringApplication.refreshContext(SpringApplication.java:397) [spring-boot-2.2.2.RELEASE.jar:2.2.2.RELEASE]
	at org.springframework.boot.SpringApplication.run(SpringApplication.java:315) [spring-boot-2.2.2.RELEASE.jar:2.2.2.RELEASE]
	at org.springframework.boot.SpringApplication.run(SpringApplication.java:1226) [spring-boot-2.2.2.RELEASE.jar:2.2.2.RELEASE]
	at org.springframework.boot.SpringApplication.run(SpringApplication.java:1215) [spring-boot-2.2.2.RELEASE.jar:2.2.2.RELEASE]
	at com.library.controller.LibraryManagementApplication.main(LibraryManagementApplication.java:16) [classes/:na]
	at sun.reflect.NativeMethodAccessorImpl.invoke0(Native Method) ~[na:1.8.0_242]
	at sun.reflect.NativeMethodAccessorImpl.invoke(NativeMethodAccessorImpl.java:62) ~[na:1.8.0_242]
	at sun.reflect.DelegatingMethodAccessorImpl.invoke(DelegatingMethodAccessorImpl.java:43) ~[na:1.8.0_242]
	at java.lang.reflect.Method.invoke(Method.java:498) ~[na:1.8.0_242]
	at org.springframework.boot.devtools.restart.RestartLauncher.run(RestartLauncher.java:49) [spring-boot-devtools-2.2.2.RELEASE.jar:2.2.2.RELEASE]

2020-03-04 17:12:08.302  WARN 21799 --- [restartedMain] o.a.tomcat.util.scan.StandardJarScanner  : Failed to scan [file:/home/sagarp/.m2/repository/com/sun/xml/bind/jaxb-impl/2.3.0.1/jaxb-core.jar] from classloader hierarchy

java.io.FileNotFoundException: /home/sagarp/.m2/repository/com/sun/xml/bind/jaxb-impl/2.3.0.1/jaxb-core.jar (No such file or directory)
	at java.util.zip.ZipFile.open(Native Method) ~[na:1.8.0_242]
	at java.util.zip.ZipFile.<init>(ZipFile.java:225) ~[na:1.8.0_242]
	at java.util.zip.ZipFile.<init>(ZipFile.java:155) ~[na:1.8.0_242]
	at java.util.jar.JarFile.<init>(JarFile.java:166) ~[na:1.8.0_242]
	at java.util.jar.JarFile.<init>(JarFile.java:130) ~[na:1.8.0_242]
	at org.apache.tomcat.util.compat.JreCompat.jarFileNewInstance(JreCompat.java:177) ~[tomcat-embed-core-9.0.29.jar:9.0.29]
	at org.apache.tomcat.util.scan.JarFileUrlJar.<init>(JarFileUrlJar.java:65) ~[tomcat-embed-core-9.0.29.jar:9.0.29]
	at org.apache.tomcat.util.scan.JarFactory.newInstance(JarFactory.java:49) ~[tomcat-embed-core-9.0.29.jar:9.0.29]
	at org.apache.tomcat.util.scan.StandardJarScanner.process(StandardJarScanner.java:374) [tomcat-embed-core-9.0.29.jar:9.0.29]
	at org.apache.tomcat.util.scan.StandardJarScanner.processURLs(StandardJarScanner.java:309) [tomcat-embed-core-9.0.29.jar:9.0.29]
	at org.apache.tomcat.util.scan.StandardJarScanner.doScanClassPath(StandardJarScanner.java:266) [tomcat-embed-core-9.0.29.jar:9.0.29]
	at org.apache.tomcat.util.scan.StandardJarScanner.scan(StandardJarScanner.java:229) [tomcat-embed-core-9.0.29.jar:9.0.29]
	at org.apache.jasper.servlet.TldScanner.scanJars(TldScanner.java:262) [tomcat-embed-jasper-9.0.29.jar:9.0.29]
	at org.apache.jasper.servlet.TldScanner.scan(TldScanner.java:104) [tomcat-embed-jasper-9.0.29.jar:9.0.29]
	at org.apache.jasper.servlet.JasperInitializer.onStartup(JasperInitializer.java:83) [tomcat-embed-jasper-9.0.29.jar:9.0.29]
	at org.apache.catalina.core.StandardContext.startInternal(StandardContext.java:5135) [tomcat-embed-core-9.0.29.jar:9.0.29]
	at org.apache.catalina.util.LifecycleBase.start(LifecycleBase.java:183) [tomcat-embed-core-9.0.29.jar:9.0.29]
	at org.apache.catalina.core.ContainerBase$StartChild.call(ContainerBase.java:1384) [tomcat-embed-core-9.0.29.jar:9.0.29]
	at org.apache.catalina.core.ContainerBase$StartChild.call(ContainerBase.java:1374) [tomcat-embed-core-9.0.29.jar:9.0.29]
	at java.util.concurrent.FutureTask.run(FutureTask.java:266) [na:1.8.0_242]
	at org.apache.tomcat.util.threads.InlineExecutorService.execute(InlineExecutorService.java:75) [tomcat-embed-core-9.0.29.jar:9.0.29]
	at java.util.concurrent.AbstractExecutorService.submit(AbstractExecutorService.java:134) [na:1.8.0_242]
	at org.apache.catalina.core.ContainerBase.startInternal(ContainerBase.java:909) [tomcat-embed-core-9.0.29.jar:9.0.29]
	at org.apache.catalina.core.StandardHost.startInternal(StandardHost.java:841) [tomcat-embed-core-9.0.29.jar:9.0.29]
	at org.apache.catalina.util.LifecycleBase.start(LifecycleBase.java:183) [tomcat-embed-core-9.0.29.jar:9.0.29]
	at org.apache.catalina.core.ContainerBase$StartChild.call(ContainerBase.java:1384) [tomcat-embed-core-9.0.29.jar:9.0.29]
	at org.apache.catalina.core.ContainerBase$StartChild.call(ContainerBase.java:1374) [tomcat-embed-core-9.0.29.jar:9.0.29]
	at java.util.concurrent.FutureTask.run(FutureTask.java:266) [na:1.8.0_242]
	at org.apache.tomcat.util.threads.InlineExecutorService.execute(InlineExecutorService.java:75) [tomcat-embed-core-9.0.29.jar:9.0.29]
	at java.util.concurrent.AbstractExecutorService.submit(AbstractExecutorService.java:134) [na:1.8.0_242]
	at org.apache.catalina.core.ContainerBase.startInternal(ContainerBase.java:909) [tomcat-embed-core-9.0.29.jar:9.0.29]
	at org.apache.catalina.core.StandardEngine.startInternal(StandardEngine.java:262) [tomcat-embed-core-9.0.29.jar:9.0.29]
	at org.apache.catalina.util.LifecycleBase.start(LifecycleBase.java:183) [tomcat-embed-core-9.0.29.jar:9.0.29]
	at org.apache.catalina.core.StandardService.startInternal(StandardService.java:421) [tomcat-embed-core-9.0.29.jar:9.0.29]
	at org.apache.catalina.util.LifecycleBase.start(LifecycleBase.java:183) [tomcat-embed-core-9.0.29.jar:9.0.29]
	at org.apache.catalina.core.StandardServer.startInternal(StandardServer.java:930) [tomcat-embed-core-9.0.29.jar:9.0.29]
	at org.apache.catalina.util.LifecycleBase.start(LifecycleBase.java:183) [tomcat-embed-core-9.0.29.jar:9.0.29]
	at org.apache.catalina.startup.Tomcat.start(Tomcat.java:459) [tomcat-embed-core-9.0.29.jar:9.0.29]
	at org.springframework.boot.web.embedded.tomcat.TomcatWebServer.initialize(TomcatWebServer.java:107) [spring-boot-2.2.2.RELEASE.jar:2.2.2.RELEASE]
	at org.springframework.boot.web.embedded.tomcat.TomcatWebServer.<init>(TomcatWebServer.java:88) [spring-boot-2.2.2.RELEASE.jar:2.2.2.RELEASE]
	at org.springframework.boot.web.embedded.tomcat.TomcatServletWebServerFactory.getTomcatWebServer(TomcatServletWebServerFactory.java:438) [spring-boot-2.2.2.RELEASE.jar:2.2.2.RELEASE]
	at org.springframework.boot.web.embedded.tomcat.TomcatServletWebServerFactory.getWebServer(TomcatServletWebServerFactory.java:191) [spring-boot-2.2.2.RELEASE.jar:2.2.2.RELEASE]
	at org.springframework.boot.web.servlet.context.ServletWebServerApplicationContext.createWebServer(ServletWebServerApplicationContext.java:180) [spring-boot-2.2.2.RELEASE.jar:2.2.2.RELEASE]
	at org.springframework.boot.web.servlet.context.ServletWebServerApplicationContext.onRefresh(ServletWebServerApplicationContext.java:153) [spring-boot-2.2.2.RELEASE.jar:2.2.2.RELEASE]
	at org.springframework.context.support.AbstractApplicationContext.refresh(AbstractApplicationContext.java:544) [spring-context-5.2.2.RELEASE.jar:5.2.2.RELEASE]
	at org.springframework.boot.web.servlet.context.ServletWebServerApplicationContext.refresh(ServletWebServerApplicationContext.java:141) [spring-boot-2.2.2.RELEASE.jar:2.2.2.RELEASE]
	at org.springframework.boot.SpringApplication.refresh(SpringApplication.java:747) [spring-boot-2.2.2.RELEASE.jar:2.2.2.RELEASE]
	at org.springframework.boot.SpringApplication.refreshContext(SpringApplication.java:397) [spring-boot-2.2.2.RELEASE.jar:2.2.2.RELEASE]
	at org.springframework.boot.SpringApplication.run(SpringApplication.java:315) [spring-boot-2.2.2.RELEASE.jar:2.2.2.RELEASE]
	at org.springframework.boot.SpringApplication.run(SpringApplication.java:1226) [spring-boot-2.2.2.RELEASE.jar:2.2.2.RELEASE]
	at org.springframework.boot.SpringApplication.run(SpringApplication.java:1215) [spring-boot-2.2.2.RELEASE.jar:2.2.2.RELEASE]
	at com.library.controller.LibraryManagementApplication.main(LibraryManagementApplication.java:16) [classes/:na]
	at sun.reflect.NativeMethodAccessorImpl.invoke0(Native Method) ~[na:1.8.0_242]
	at sun.reflect.NativeMethodAccessorImpl.invoke(NativeMethodAccessorImpl.java:62) ~[na:1.8.0_242]
	at sun.reflect.DelegatingMethodAccessorImpl.invoke(DelegatingMethodAccessorImpl.java:43) ~[na:1.8.0_242]
	at java.lang.reflect.Method.invoke(Method.java:498) ~[na:1.8.0_242]
	at org.springframework.boot.devtools.restart.RestartLauncher.run(RestartLauncher.java:49) [spring-boot-devtools-2.2.2.RELEASE.jar:2.2.2.RELEASE]

2020-03-04 17:12:08.303  INFO 21799 --- [restartedMain] org.apache.jasper.servlet.TldScanner     : At least one JAR was scanned for TLDs yet contained no TLDs. Enable debug logging for this logger for a complete list of JARs that were scanned but no TLDs were found in them. Skipping unneeded JARs during scanning can improve startup time and JSP compilation time.
2020-03-04 17:12:08.303  INFO 21799 --- [restartedMain] o.a.c.c.C.[Tomcat].[localhost].[/]       : Initializing Spring embedded WebApplicationContext
2020-03-04 17:12:08.303  INFO 21799 --- [restartedMain] o.s.web.context.ContextLoader            : Root WebApplicationContext: initialization completed in 953 ms
2020-03-04 17:12:08.571  INFO 21799 --- [restartedMain] com.zaxxer.hikari.HikariDataSource       : HikariPool-2 - Starting...
2020-03-04 17:12:08.571  WARN 21799 --- [restartedMain] com.zaxxer.hikari.util.DriverDataSource  : Registered driver with driverClassName=com.mysql.jdbc.Driver was not found, trying direct instantiation.
2020-03-04 17:12:08.622  INFO 21799 --- [restartedMain] com.zaxxer.hikari.HikariDataSource       : HikariPool-2 - Start completed.
2020-03-04 17:12:08.626  INFO 21799 --- [restartedMain] o.hibernate.jpa.internal.util.LogHelper  : HHH000204: Processing PersistenceUnitInfo [name: default]
2020-03-04 17:12:08.633  INFO 21799 --- [restartedMain] org.hibernate.dialect.Dialect            : HHH000400: Using dialect: org.hibernate.dialect.MySQL57Dialect
2020-03-04 17:12:08.702  INFO 21799 --- [restartedMain] o.h.e.t.j.p.i.JtaPlatformInitiator       : HHH000490: Using JtaPlatform implementation: [org.hibernate.engine.transaction.jta.platform.internal.NoJtaPlatform]
2020-03-04 17:12:08.703  INFO 21799 --- [restartedMain] j.LocalContainerEntityManagerFactoryBean : Initialized JPA EntityManagerFactory for persistence unit 'default'
2020-03-04 17:12:08.747  WARN 21799 --- [restartedMain] JpaBaseConfiguration$JpaWebConfiguration : spring.jpa.open-in-view is enabled by default. Therefore, database queries may be performed during view rendering. Explicitly configure spring.jpa.open-in-view to disable this warning
2020-03-04 17:12:09.289  INFO 21799 --- [restartedMain] o.s.s.web.DefaultSecurityFilterChain     : Creating filter chain: OrRequestMatcher [requestMatchers=[Ant [pattern='/oauth/token'], Ant [pattern='/oauth/token_key'], Ant [pattern='/oauth/check_token']]], [org.springframework.security.web.context.request.async.WebAsyncManagerIntegrationFilter@609ef80f, org.springframework.security.web.context.SecurityContextPersistenceFilter@5b2a40b1, org.springframework.security.web.header.HeaderWriterFilter@58a39d5f, org.springframework.security.web.authentication.logout.LogoutFilter@3f870edf, org.springframework.security.web.authentication.www.BasicAuthenticationFilter@52ea5213, org.springframework.security.web.savedrequest.RequestCacheAwareFilter@6005a356, org.springframework.security.web.servletapi.SecurityContextHolderAwareRequestFilter@2488836c, org.springframework.security.web.authentication.AnonymousAuthenticationFilter@2dc47302, org.springframework.security.web.session.SessionManagementFilter@1fa1a34c, org.springframework.security.web.access.ExceptionTranslationFilter@3770c7e, org.springframework.security.web.access.intercept.FilterSecurityInterceptor@574d96e0]
2020-03-04 17:12:09.316  INFO 21799 --- [restartedMain] o.s.s.web.DefaultSecurityFilterChain     : Creating filter chain: org.springframework.security.oauth2.config.annotation.web.configuration.ResourceServerConfiguration$NotOAuthRequestMatcher@62d75bf2, [org.springframework.security.web.context.request.async.WebAsyncManagerIntegrationFilter@6b5d0f95, org.springframework.security.web.context.SecurityContextPersistenceFilter@3b87db7e, org.springframework.security.web.header.HeaderWriterFilter@68fb99fe, org.springframework.security.web.authentication.logout.LogoutFilter@288383ea, org.springframework.security.oauth2.provider.authentication.OAuth2AuthenticationProcessingFilter@3e6ffc80, org.springframework.security.web.savedrequest.RequestCacheAwareFilter@3bbb4c4e, org.springframework.security.web.servletapi.SecurityContextHolderAwareRequestFilter@fbb06ae, org.springframework.security.web.authentication.AnonymousAuthenticationFilter@2b14b994, org.springframework.security.web.session.SessionManagementFilter@456ce5e8, org.springframework.security.web.access.ExceptionTranslationFilter@5adb5cfc, org.springframework.security.web.access.intercept.FilterSecurityInterceptor@7ad512d7]
2020-03-04 17:12:09.329  INFO 21799 --- [restartedMain] o.s.s.web.DefaultSecurityFilterChain     : Creating filter chain: any request, [org.springframework.security.web.context.request.async.WebAsyncManagerIntegrationFilter@19126a1, org.springframework.security.web.context.SecurityContextPersistenceFilter@578a3e0b, org.springframework.security.web.header.HeaderWriterFilter@7b5ea7c0, org.springframework.security.web.csrf.CsrfFilter@6a8e595e, org.springframework.security.web.authentication.logout.LogoutFilter@198592ff, org.springframework.security.web.authentication.UsernamePasswordAuthenticationFilter@7274ce53, org.springframework.security.web.authentication.ui.DefaultLoginPageGeneratingFilter@2e6ca176, org.springframework.security.web.authentication.ui.DefaultLogoutPageGeneratingFilter@25a82225, org.springframework.security.web.authentication.www.BasicAuthenticationFilter@2b73845c, org.springframework.security.web.savedrequest.RequestCacheAwareFilter@59fd1b20, org.springframework.security.web.servletapi.SecurityContextHolderAwareRequestFilter@5793c778, org.springframework.security.web.authentication.AnonymousAuthenticationFilter@717a6695, org.springframework.security.web.session.SessionManagementFilter@4fd6ca06, org.springframework.security.web.access.ExceptionTranslationFilter@634da69c, org.springframework.security.web.access.intercept.FilterSecurityInterceptor@394e12f]
2020-03-04 17:12:09.502  INFO 21799 --- [restartedMain] o.s.s.concurrent.ThreadPoolTaskExecutor  : Initializing ExecutorService 'applicationTaskExecutor'
2020-03-04 17:12:09.705  INFO 21799 --- [restartedMain] o.s.b.d.a.OptionalLiveReloadServer       : LiveReload server is running on port 35729
2020-03-04 17:12:09.757  INFO 21799 --- [restartedMain] o.s.b.a.e.web.EndpointLinksResolver      : Exposing 2 endpoint(s) beneath base path '/actuator'
2020-03-04 17:12:09.815  INFO 21799 --- [restartedMain] o.s.b.w.embedded.tomcat.TomcatWebServer  : Tomcat started on port(s): 8081 (http) with context path ''
2020-03-04 17:12:09.826  INFO 21799 --- [restartedMain] c.l.c.LibraryManagementApplication       : Started LibraryManagementApplication in 2.602 seconds (JVM running for 94.696)
2020-03-04 17:12:09.832  INFO 21799 --- [restartedMain] .ConditionEvaluationDeltaLoggingListener : Condition evaluation unchanged
2020-03-04 17:12:40.016  INFO 21799 --- [http-nio-8081-exec-2] o.a.c.c.C.[Tomcat].[localhost].[/]       : Initializing Spring DispatcherServlet 'dispatcherServlet'
2020-03-04 17:12:40.018  INFO 21799 --- [http-nio-8081-exec-2] o.s.web.servlet.DispatcherServlet        : Initializing Servlet 'dispatcherServlet'
2020-03-04 17:12:40.037  INFO 21799 --- [http-nio-8081-exec-2] o.s.web.servlet.DispatcherServlet        : Completed initialization in 18 ms
2020-03-04 17:12:49.306  INFO 21799 --- [http-nio-8081-exec-3] c.library.controller.LibraryController   : user asking for /availableBook api
2020-03-04 17:12:49.330  INFO 21799 --- [http-nio-8081-exec-3] c.library.controller.LibraryController   : responce = [Book [bookId=1, bookName= The Great Indian Novel, bookAuthor=Shashi Tharoor , bookPrice=200], Book [bookId=2, bookName= The Race of My Life , bookAuthor=Milkha Singh , bookPrice=300], Book [bookId=3, bookName=Friends, bookAuthor=sagar, bookPrice=500]]
2020-03-04 17:20:03.753  INFO 21799 --- [SpringContextShutdownHook] o.s.s.concurrent.ThreadPoolTaskExecutor  : Shutting down ExecutorService 'applicationTaskExecutor'
2020-03-04 17:20:03.754  INFO 21799 --- [SpringContextShutdownHook] j.LocalContainerEntityManagerFactoryBean : Closing JPA EntityManagerFactory for persistence unit 'default'
2020-03-04 17:20:03.762  INFO 21799 --- [SpringContextShutdownHook] com.zaxxer.hikari.HikariDataSource       : HikariPool-2 - Shutdown initiated...
2020-03-04 17:20:03.771  INFO 21799 --- [SpringContextShutdownHook] com.zaxxer.hikari.HikariDataSource       : HikariPool-2 - Shutdown completed.
